#
# There is insufficient memory for the Java Runtime Environment to continue.
# Native memory allocation (malloc) failed to allocate 1048576 bytes for AllocateHeap
# Possible reasons:
#   The system is out of physical RAM or swap space
#   The process is running with CompressedOops enabled, and the Java Heap may be blocking the growth of the native heap
# Possible solutions:
#   Reduce memory load on the system
#   Increase physical memory or swap space
#   Check if swap backing store is full
#   Decrease Java heap size (-Xmx/-Xms)
#   Decrease number of Java threads
#   Decrease Java thread stack sizes (-Xss)
#   Set larger code cache with -XX:ReservedCodeCacheSize=
#   JVM is running with Unscaled Compressed Oops mode in which the Java heap is
#     placed in the first 4GB address space. The Java Heap base address is the
#     maximum limit for the native heap growth. Please use -XX:HeapBaseMinAddress
#     to set the Java Heap base and to place the Java Heap above 4GB virtual address.
# This output file may be truncated or incomplete.
#
#  Out of Memory Error (allocation.cpp:44), pid=5036, tid=4640
#
# JRE version: Java(TM) SE Runtime Environment (20.0.2+9) (build 20.0.2+9-78)
# Java VM: Java HotSpot(TM) 64-Bit Server VM (20.0.2+9-78, mixed mode, sharing, tiered, compressed oops, compressed class ptrs, g1 gc, windows-amd64)
# Core dump will be written. Default location: C:\Users\Administrator\Documents\GachaGame\hs_err_pid5036.mdmp
#

---------------  S U M M A R Y ------------

Command Line: -Dfile.encoding=UTF-8 ServerData.Server.ServerManager

Host: Intel(R) Xeon(R) CPU E5-2696 v4 @ 2.20GHz, 4 cores, 3G,  Windows Server 2012 R2 , 64 bit Build 9600 (6.3.9600.19994)
Time: Thu Jun 13 01:00:11 2024 SE Asia Standard Time elapsed time: 32368.285189 seconds (0d 8h 59m 28s)

---------------  T H R E A D  ---------------

Current thread (0x00000027417d8c60):  VMThread "VM Thread" [stack: 0x0000002741a90000,0x0000002741b90000] [id=4640]

Stack: [0x0000002741a90000,0x0000002741b90000]
Native frames: (J=compiled Java code, j=interpreted, Vv=VM code, C=native code)
V  [jvm.dll+0x6bc25a]
V  [jvm.dll+0x84971a]
V  [jvm.dll+0x84b315]
V  [jvm.dll+0x84ba13]
V  [jvm.dll+0x280e4f]
V  [jvm.dll+0xbce65]
V  [jvm.dll+0x34976f]
V  [jvm.dll+0x34473e]
V  [jvm.dll+0x32b2f2]
V  [jvm.dll+0x371c47]
V  [jvm.dll+0x85135e]
V  [jvm.dll+0x852471]
V  [jvm.dll+0x852979]
V  [jvm.dll+0x852bf3]
V  [jvm.dll+0x7f5c76]
V  [jvm.dll+0x6baecb]
C  [ucrtbase.DLL+0x214c2]
C  [KERNEL32.DLL+0x13f2]
C  [ntdll.dll+0x154f4]

VM_Operation (0x000000278a07ea50): G1CollectFull, mode: safepoint, requested by thread 0x0000002788080140


---------------  P R O C E S S  ---------------

Threads class SMR info:
_java_thread_list=0x0000002787fa7960, length=28, elements={
0x00000027417f0e10, 0x00000027417f1c10, 0x00000027417f3490, 0x00000027417f4fe0,
0x00000027417f5b20, 0x00000027417fa2f0, 0x00000027417faf60, 0x000000274180d760,
0x0000002787593a10, 0x00000027875a1660, 0x0000002787762790, 0x0000002787dac0f0,
0x0000002788cde560, 0x000000278831ba50, 0x0000002788080140, 0x0000002788ec4570,
0x0000002787fc0e10, 0x0000002787fbfe20, 0x0000002787fc2350, 0x0000002787fc08c0,
0x0000002787fbf380, 0x0000002787fc1360, 0x0000002787fbee30, 0x0000002787fc0370,
0x0000002787fc18b0, 0x0000002788142eb0, 0x0000002788141970, 0x0000002788143950
}

Java Threads: ( => current thread )
  0x00000027417f0e10 JavaThread "Reference Handler" daemon [_thread_blocked, id=3748, stack(0x0000002786ce0000,0x0000002786de0000)]
  0x00000027417f1c10 JavaThread "Finalizer" daemon [_thread_blocked, id=4328, stack(0x0000002786de0000,0x0000002786ee0000)]
  0x00000027417f3490 JavaThread "Signal Dispatcher" daemon [_thread_blocked, id=3472, stack(0x0000002786ee0000,0x0000002786fe0000)]
  0x00000027417f4fe0 JavaThread "Attach Listener" daemon [_thread_blocked, id=5028, stack(0x0000002786fe0000,0x00000027870e0000)]
  0x00000027417f5b20 JavaThread "Service Thread" daemon [_thread_blocked, id=5008, stack(0x00000027870e0000,0x00000027871e0000)]
  0x00000027417fa2f0 JavaThread "Monitor Deflation Thread" daemon [_thread_blocked, id=4712, stack(0x00000027871e0000,0x00000027872e0000)]
  0x00000027417faf60 JavaThread "C2 CompilerThread0" daemon [_thread_blocked, id=4796, stack(0x00000027872e0000,0x00000027873e0000)]
  0x000000274180d760 JavaThread "C1 CompilerThread0" daemon [_thread_blocked, id=4236, stack(0x00000027873e0000,0x00000027874e0000)]
  0x0000002787593a10 JavaThread "Notification Thread" daemon [_thread_blocked, id=3032, stack(0x00000027878e0000,0x00000027879e0000)]
  0x00000027875a1660 JavaThread "Common-Cleaner" daemon [_thread_blocked, id=3828, stack(0x0000002787ae0000,0x0000002787be0000)]
  0x0000002787762790 JavaThread "Abandoned connection cleanup thread" daemon [_thread_blocked, id=4188, stack(0x0000002787be0000,0x0000002787ce0000)]
  0x0000002787dac0f0 JavaThread "HikariPool-1 housekeeper" daemon [_thread_blocked, id=3976, stack(0x00000027887c0000,0x00000027888c0000)]
  0x0000002788cde560 JavaThread "Update maps" [_thread_blocked, id=3000, stack(0x0000002789d80000,0x0000002789e80000)]
  0x000000278831ba50 JavaThread "Active line" [_thread_in_native, id=2608, stack(0x0000002789e80000,0x0000002789f80000)]
  0x0000002788080140 JavaThread "pool-1-thread-1" [_thread_blocked, id=2616, stack(0x0000002789f80000,0x000000278a080000)]
  0x0000002788ec4570 JavaThread "Thread-1" [_thread_in_native, id=3960, stack(0x00000027888c0000,0x00000027889c0000)]
  0x0000002787fc0e10 JavaThread "DHVT" [_thread_blocked, id=4256, stack(0x000000278a080000,0x000000278a180000)]
  0x0000002787fbfe20 JavaThread "Update boss" [_thread_blocked, id=1256, stack(0x000000278a280000,0x000000278a380000)]
  0x0000002787fc2350 JavaThread "Thread-3" [_thread_blocked, id=3908, stack(0x000000278a380000,0x000000278a480000)]
  0x0000002787fc08c0 JavaThread "Update dai hoi vo thuat" [_thread_blocked, id=4780, stack(0x000000278a480000,0x000000278a580000)]
  0x0000002787fbf380 JavaThread "Java2D Disposer" daemon [_thread_blocked, id=2764, stack(0x000000278a580000,0x000000278a680000)]
  0x0000002787fc1360 JavaThread "AWT-Shutdown" [_thread_blocked, id=4172, stack(0x000000278a680000,0x000000278a780000)]
  0x0000002787fbee30 JavaThread "AWT-Windows" daemon [_thread_in_native, id=4444, stack(0x000000278a780000,0x000000278a880000)]
  0x0000002787fc0370 JavaThread "AWT-EventQueue-0" [_thread_blocked, id=2452, stack(0x000000278a970000,0x000000278aa70000)]
  0x0000002787fc18b0 JavaThread "DestroyJavaVM" [_thread_blocked, id=3184, stack(0x0000002726030000,0x0000002726130000)]
  0x0000002788142eb0 JavaThread "Thread-6" [_thread_blocked, id=2444, stack(0x000000278ad70000,0x000000278ae70000)]
  0x0000002788141970 JavaThread "Thread-69" [_thread_in_native, id=1136, stack(0x000000278ac60000,0x000000278ad60000)]
  0x0000002788143950 JavaThread "Thread-68" [_thread_blocked, id=4716, stack(0x000000278ae70000,0x000000278af70000)]

Other Threads:
=>0x00000027417d8c60 VMThread "VM Thread" [stack: 0x0000002741a90000,0x0000002741b90000] [id=4640]
  0x0000002787597f90 WatcherThread "VM Periodic Task Thread" [stack: 0x00000027879e0000,0x0000002787ae0000] [id=2308]
  0x00000027269ceea0 WorkerThread "GC Thread#0" [stack: 0x00000027267b0000,0x00000027268b0000] [id=4244]
  0x0000002787d587d0 WorkerThread "GC Thread#1" [stack: 0x00000027889c0000,0x0000002788ac0000] [id=1520]
  0x0000002787d35670 WorkerThread "GC Thread#2" [stack: 0x0000002788ac0000,0x0000002788bc0000] [id=4872]
  0x0000002787d35940 WorkerThread "GC Thread#3" [stack: 0x0000002788bc0000,0x0000002788cc0000] [id=4728]
  0x00000027269d7e30 ConcurrentGCThread "G1 Main Marker" [stack: 0x000000273f040000,0x000000273f140000] [id=5060]
  0x00000027269d9870 WorkerThread "G1 Conc#0" [stack: 0x000000273f140000,0x000000273f240000] [id=1936]
  0x00000027416a0090 ConcurrentGCThread "G1 Refine#0" [stack: 0x0000002741890000,0x0000002741990000] [id=3504]
  0x00000027416a0b30 ConcurrentGCThread "G1 Service" [stack: 0x0000002741990000,0x0000002741a90000] [id=2884]

Threads with active compile tasks:

VM state: at safepoint (normal execution)

VM Mutex/Monitor currently owned by a thread:  ([mutex/lock_event])
[0x000000272698b1e0] Threads_lock - owner thread: 0x00000027417d8c60
[0x000000272698d8e0] Heap_lock - owner thread: 0x0000002788080140

Heap address: 0x00000000c0000000, size: 1024 MB, Compressed Oops mode: 32-bit

CDS archive(s) mapped at: [0x0000002741c00000-0x0000002742860000-0x0000002742860000), size 12976128, SharedBaseAddress: 0x0000002741c00000, ArchiveRelocationMode: 1.
Compressed class space mapped at: 0x0000002742c00000-0x0000002782c00000, reserved size: 1073741824
Narrow klass base: 0x0000002741c00000, Narrow klass shift: 0, Narrow klass range: 0x100000000

GC Precious Log:
 CardTable entry size: 512
 Card Set container configuration: InlinePtr #cards 5 size 8 Array Of Cards #cards 12 size 40 Howl #buckets 4 coarsen threshold 1843 Howl Bitmap #cards 512 size 80 coarsen threshold 460 Card regions per heap region 1 cards per card region 2048
 CPUs: 4 total, 4 available
 Memory: 4095M
 Large Page Support: Disabled
 NUMA Support: Disabled
 Compressed Oops: Enabled (32-bit)
 Heap Region Size: 1M
 Heap Min Capacity: 8M
 Heap Initial Capacity: 64M
 Heap Max Capacity: 1G
 Pre-touch: Disabled
 Parallel Workers: 4
 Concurrent Workers: 1
 Concurrent Refinement Workers: 4
 Periodic GC: Disabled

Heap:
 garbage-first heap   total 58368K, used 24084K [0x00000000c0000000, 0x0000000100000000)
  region size 1024K, 7 young (7168K), 0 survivors (0K)
 Metaspace       used 19576K, committed 20032K, reserved 1114112K
  class space    used 1766K, committed 1984K, reserved 1048576K

Heap Regions: E=young(eden), S=young(survivor), O=old, HS=humongous(starts), HC=humongous(continues), CS=collection set, F=free, OA=open archive, CA=closed archive, TAMS=top-at-mark-start, PB=parsable bottom
|   0|0x00000000c0000000, 0x00000000c00fffe8, 0x00000000c0100000| 99%| O|  |TAMS 0x00000000c0000000| PB 0x00000000c0000000| Untracked 
|   1|0x00000000c0100000, 0x00000000c01ffff8, 0x00000000c0200000| 99%| O|  |TAMS 0x00000000c0100000| PB 0x00000000c0100000| Untracked 
|   2|0x00000000c0200000, 0x00000000c02ffff8, 0x00000000c0300000| 99%| O|  |TAMS 0x00000000c0200000| PB 0x00000000c0200000| Untracked 
|   3|0x00000000c0300000, 0x00000000c03ffff8, 0x00000000c0400000| 99%| O|  |TAMS 0x00000000c0300000| PB 0x00000000c0300000| Untracked 
|   4|0x00000000c0400000, 0x00000000c04fff80, 0x00000000c0500000| 99%| O|  |TAMS 0x00000000c0400000| PB 0x00000000c0400000| Untracked 
|   5|0x00000000c0500000, 0x00000000c0600000, 0x00000000c0600000|100%| O|  |TAMS 0x00000000c0500000| PB 0x00000000c0500000| Untracked 
|   6|0x00000000c0600000, 0x00000000c06fffe0, 0x00000000c0700000| 99%| O|  |TAMS 0x00000000c0600000| PB 0x00000000c0600000| Untracked 
|   7|0x00000000c0700000, 0x00000000c07fffc8, 0x00000000c0800000| 99%| O|  |TAMS 0x00000000c0700000| PB 0x00000000c0700000| Untracked 
|   8|0x00000000c0800000, 0x00000000c08ffff0, 0x00000000c0900000| 99%| O|  |TAMS 0x00000000c0800000| PB 0x00000000c0800000| Untracked 
|   9|0x00000000c0900000, 0x00000000c0a00000, 0x00000000c0a00000|100%| O|  |TAMS 0x00000000c0900000| PB 0x00000000c0900000| Untracked 
|  10|0x00000000c0a00000, 0x00000000c0afffd0, 0x00000000c0b00000| 99%| O|  |TAMS 0x00000000c0a00000| PB 0x00000000c0a00000| Untracked 
|  11|0x00000000c0b00000, 0x00000000c0bfff40, 0x00000000c0c00000| 99%| O|  |TAMS 0x00000000c0b00000| PB 0x00000000c0b00000| Untracked 
|  12|0x00000000c0c00000, 0x00000000c0d00000, 0x00000000c0d00000|100%| O|  |TAMS 0x00000000c0c00000| PB 0x00000000c0c00000| Untracked 
|  13|0x00000000c0d00000, 0x00000000c0dffff8, 0x00000000c0e00000| 99%| O|  |TAMS 0x00000000c0d00000| PB 0x00000000c0d00000| Untracked 
|  14|0x00000000c0e00000, 0x00000000c0efffd0, 0x00000000c0f00000| 99%| O|  |TAMS 0x00000000c0e00000| PB 0x00000000c0e00000| Untracked 
|  15|0x00000000c0f00000, 0x00000000c0ffde78, 0x00000000c1000000| 99%| O|  |TAMS 0x00000000c0f00000| PB 0x00000000c0f00000| Untracked 
|  16|0x00000000c1000000, 0x00000000c1024608, 0x00000000c1100000| 14%| O|  |TAMS 0x00000000c1000000| PB 0x00000000c1000000| Untracked 
|  17|0x00000000c1100000, 0x00000000c1162e98, 0x00000000c1200000| 38%| O|  |TAMS 0x00000000c1100000| PB 0x00000000c1100000| Untracked 
|  18|0x00000000c1200000, 0x00000000c1200000, 0x00000000c1300000|  0%| F|  |TAMS 0x00000000c1200000| PB 0x00000000c1200000| Untracked 
|  19|0x00000000c1300000, 0x00000000c1300000, 0x00000000c1400000|  0%| F|  |TAMS 0x00000000c1300000| PB 0x00000000c1300000| Untracked 
|  20|0x00000000c1400000, 0x00000000c1400000, 0x00000000c1500000|  0%| F|  |TAMS 0x00000000c1400000| PB 0x00000000c1400000| Untracked 
|  21|0x00000000c1500000, 0x00000000c1500000, 0x00000000c1600000|  0%| F|  |TAMS 0x00000000c1500000| PB 0x00000000c1500000| Untracked 
|  22|0x00000000c1600000, 0x00000000c1600000, 0x00000000c1700000|  0%| F|  |TAMS 0x00000000c1600000| PB 0x00000000c1600000| Untracked 
|  23|0x00000000c1700000, 0x00000000c1700000, 0x00000000c1800000|  0%| F|  |TAMS 0x00000000c1700000| PB 0x00000000c1700000| Untracked 
|  24|0x00000000c1800000, 0x00000000c1800000, 0x00000000c1900000|  0%| F|  |TAMS 0x00000000c1800000| PB 0x00000000c1800000| Untracked 
|  25|0x00000000c1900000, 0x00000000c1900000, 0x00000000c1a00000|  0%| F|  |TAMS 0x00000000c1900000| PB 0x00000000c1900000| Untracked 
|  26|0x00000000c1a00000, 0x00000000c1a00000, 0x00000000c1b00000|  0%| F|  |TAMS 0x00000000c1a00000| PB 0x00000000c1a00000| Untracked 
|  27|0x00000000c1b00000, 0x00000000c1b00000, 0x00000000c1c00000|  0%| F|  |TAMS 0x00000000c1b00000| PB 0x00000000c1b00000| Untracked 
|  28|0x00000000c1c00000, 0x00000000c1c00000, 0x00000000c1d00000|  0%| F|  |TAMS 0x00000000c1c00000| PB 0x00000000c1c00000| Untracked 
|  29|0x00000000c1d00000, 0x00000000c1d00000, 0x00000000c1e00000|  0%| F|  |TAMS 0x00000000c1d00000| PB 0x00000000c1d00000| Untracked 
|  30|0x00000000c1e00000, 0x00000000c1e00000, 0x00000000c1f00000|  0%| F|  |TAMS 0x00000000c1e00000| PB 0x00000000c1e00000| Untracked 
|  31|0x00000000c1f00000, 0x00000000c1f00000, 0x00000000c2000000|  0%| F|  |TAMS 0x00000000c1f00000| PB 0x00000000c1f00000| Untracked 
|  32|0x00000000c2000000, 0x00000000c2000000, 0x00000000c2100000|  0%| F|  |TAMS 0x00000000c2000000| PB 0x00000000c2000000| Untracked 
|  33|0x00000000c2100000, 0x00000000c2100000, 0x00000000c2200000|  0%| F|  |TAMS 0x00000000c2100000| PB 0x00000000c2100000| Untracked 
|  34|0x00000000c2200000, 0x00000000c2200000, 0x00000000c2300000|  0%| F|  |TAMS 0x00000000c2200000| PB 0x00000000c2200000| Untracked 
|  35|0x00000000c2300000, 0x00000000c2300000, 0x00000000c2400000|  0%| F|  |TAMS 0x00000000c2300000| PB 0x00000000c2300000| Untracked 
|  36|0x00000000c2400000, 0x00000000c2400000, 0x00000000c2500000|  0%| F|  |TAMS 0x00000000c2400000| PB 0x00000000c2400000| Untracked 
|  37|0x00000000c2500000, 0x00000000c2500000, 0x00000000c2600000|  0%| F|  |TAMS 0x00000000c2500000| PB 0x00000000c2500000| Untracked 
|  38|0x00000000c2600000, 0x00000000c2600000, 0x00000000c2700000|  0%| F|  |TAMS 0x00000000c2600000| PB 0x00000000c2600000| Untracked 
|  39|0x00000000c2700000, 0x00000000c2700000, 0x00000000c2800000|  0%| F|  |TAMS 0x00000000c2700000| PB 0x00000000c2700000| Untracked 
|  40|0x00000000c2800000, 0x00000000c2800000, 0x00000000c2900000|  0%| F|  |TAMS 0x00000000c2800000| PB 0x00000000c2800000| Untracked 
|  41|0x00000000c2900000, 0x00000000c2a00000, 0x00000000c2a00000|100%| O|  |TAMS 0x00000000c2900000| PB 0x00000000c2900000| Untracked 
|  42|0x00000000c2a00000, 0x00000000c2a00000, 0x00000000c2b00000|  0%| F|  |TAMS 0x00000000c2a00000| PB 0x00000000c2a00000| Untracked 
|  43|0x00000000c2b00000, 0x00000000c2b00000, 0x00000000c2c00000|  0%| F|  |TAMS 0x00000000c2b00000| PB 0x00000000c2b00000| Untracked 
|  44|0x00000000c2c00000, 0x00000000c2c00000, 0x00000000c2d00000|  0%| F|  |TAMS 0x00000000c2c00000| PB 0x00000000c2c00000| Untracked 
|  45|0x00000000c2d00000, 0x00000000c2d00000, 0x00000000c2e00000|  0%| F|  |TAMS 0x00000000c2d00000| PB 0x00000000c2d00000| Untracked 
|  46|0x00000000c2e00000, 0x00000000c2e00000, 0x00000000c2f00000|  0%| F|  |TAMS 0x00000000c2e00000| PB 0x00000000c2e00000| Untracked 
|  47|0x00000000c2f00000, 0x00000000c2f00000, 0x00000000c3000000|  0%| F|  |TAMS 0x00000000c2f00000| PB 0x00000000c2f00000| Untracked 
|  48|0x00000000c3000000, 0x00000000c3000000, 0x00000000c3100000|  0%| F|  |TAMS 0x00000000c3000000| PB 0x00000000c3000000| Untracked 
|  49|0x00000000c3100000, 0x00000000c3100000, 0x00000000c3200000|  0%| F|  |TAMS 0x00000000c3100000| PB 0x00000000c3100000| Untracked 
|  50|0x00000000c3200000, 0x00000000c327d470, 0x00000000c3300000| 48%| E|  |TAMS 0x00000000c3200000| PB 0x00000000c3200000| Complete 
|  51|0x00000000c3300000, 0x00000000c3400000, 0x00000000c3400000|100%| E|CS|TAMS 0x00000000c3300000| PB 0x00000000c3300000| Complete 
|  52|0x00000000c3400000, 0x00000000c3500000, 0x00000000c3500000|100%| E|CS|TAMS 0x00000000c3400000| PB 0x00000000c3400000| Complete 
|  53|0x00000000c3500000, 0x00000000c3600000, 0x00000000c3600000|100%| E|CS|TAMS 0x00000000c3500000| PB 0x00000000c3500000| Complete 
|  54|0x00000000c3600000, 0x00000000c3700000, 0x00000000c3700000|100%| E|CS|TAMS 0x00000000c3600000| PB 0x00000000c3600000| Complete 
|  55|0x00000000c3700000, 0x00000000c3800000, 0x00000000c3800000|100%| E|CS|TAMS 0x00000000c3700000| PB 0x00000000c3700000| Complete 
|  56|0x00000000c3800000, 0x00000000c3900000, 0x00000000c3900000|100%| E|CS|TAMS 0x00000000c3800000| PB 0x00000000c3800000| Complete 

Card table byte_map: [0x000000273dc40000,0x000000273de40000] _byte_map_base: 0x000000273d640000

Marking Bits: (CMBitMap*) 0x00000027269cf4d0
 Bits: [0x000000273e040000, 0x000000273f040000)

Polling page: 0x0000002726130000

Metaspace:

Usage:
  Non-class:     17.39 MB used.
      Class:      1.72 MB used.
       Both:     19.12 MB used.

Virtual space:
  Non-class space:       64.00 MB reserved,      17.62 MB ( 28%) committed,  1 nodes.
      Class space:        1.00 GB reserved,       1.94 MB ( <1%) committed,  1 nodes.
             Both:        1.06 GB reserved,      19.56 MB (  2%) committed. 

Chunk freelists:
   Non-Class:  1.91 MB
       Class:  2.07 MB
        Both:  3.98 MB

MaxMetaspaceSize: unlimited
CompressedClassSpaceSize: 1.00 GB
Initial GC threshold: 21.00 MB
Current GC threshold: 32.50 MB
CDS: on
MetaspaceReclaimPolicy: balanced
 - commit_granule_bytes: 65536.
 - commit_granule_words: 8192.
 - virtual_space_node_default_size: 8388608.
 - enlarge_chunks_in_place: 1.
 - new_chunks_are_fully_committed: 0.
 - uncommit_free_chunks: 1.
 - use_allocation_guard: 0.


Internal statistics:

num_allocs_failed_limit: 0.
num_arena_births: 718.
num_arena_deaths: 128.
num_vsnodes_births: 2.
num_vsnodes_deaths: 0.
num_space_committed: 313.
num_space_uncommitted: 1.
num_chunks_returned_to_freelist: 145.
num_chunks_taken_from_freelist: 1332.
num_chunk_merges: 34.
num_chunk_splits: 723.
num_chunks_enlarged: 300.
num_inconsistent_stats: 0.

CodeHeap 'non-profiled nmethods': size=120000Kb used=3313Kb max_used=3658Kb free=116686Kb
 bounds [0x0000002736510000, 0x00000027368e0000, 0x000000273da40000]
CodeHeap 'profiled nmethods': size=120000Kb used=5318Kb max_used=7130Kb free=114682Kb
 bounds [0x000000272ea40000, 0x000000272f160000, 0x0000002735f70000]
CodeHeap 'non-nmethods': size=5760Kb used=1763Kb max_used=1946Kb free=3996Kb
 bounds [0x0000002735f70000, 0x00000027361e0000, 0x0000002736510000]
 total_blobs=3093 nmethods=2351 adapters=652
 compilation: enabled
              stopped_count=0, restarted_count=0
 full_count=0

Compilation events (20 events):
Event: 32277.733 Thread 0x000000274180d760 5312       3       jdk.internal.misc.Unsafe::allocateUninitializedArray0 (90 bytes)
Event: 32277.734 Thread 0x000000274180d760 nmethod 5312 0x000000272eb68d10 code [0x000000272eb68f20, 0x000000272eb69860]
Event: 32277.734 Thread 0x000000274180d760 5313       3       java.awt.Color::<init> (72 bytes)
Event: 32277.734 Thread 0x000000274180d760 nmethod 5313 0x000000272ee31610 code [0x000000272ee317a0, 0x000000272ee31a08]
Event: 32277.735 Thread 0x000000274180d760 5314       3       java.awt.Color::testColorValueRange (121 bytes)
Event: 32277.735 Thread 0x000000274180d760 nmethod 5314 0x000000272ee3d890 code [0x000000272ee3daa0, 0x000000272ee3e0a8]
Event: 32277.743 Thread 0x000000274180d760 5315       3       java.lang.StringConcatHelper::mix (27 bytes)
Event: 32277.745 Thread 0x000000274180d760 nmethod 5315 0x000000272ec01b10 code [0x000000272ec01ce0, 0x000000272ec020d8]
Event: 32279.072 Thread 0x00000027417faf60 5316       4       java.lang.String::getBytes (44 bytes)
Event: 32279.073 Thread 0x000000274180d760 5317       3       java.lang.StringConcatHelper::initialCoder (14 bytes)
Event: 32279.074 Thread 0x000000274180d760 nmethod 5317 0x000000272ec2bc10 code [0x000000272ec2bda0, 0x000000272ec2beb8]
Event: 32279.074 Thread 0x000000274180d760 5318       3       java.lang.StringConcatHelper::simpleConcat (94 bytes)
Event: 32279.074 Thread 0x00000027417faf60 nmethod 5316 0x00000027365d8210 code [0x00000027365d8380, 0x00000027365d85a0]
Event: 32279.076 Thread 0x000000274180d760 nmethod 5318 0x000000272ea97a90 code [0x000000272ea97da0, 0x000000272ea99068]
Event: 32279.076 Thread 0x00000027417faf60 5319       4       java.lang.String::compareTo (9 bytes)
Event: 32279.078 Thread 0x00000027417faf60 nmethod 5319 0x00000027365e9710 code [0x00000027365e9880, 0x00000027365e9ac0]
Event: 32279.078 Thread 0x00000027417faf60 5320       4       java.lang.String::compareTo (63 bytes)
Event: 32279.079 Thread 0x00000027417faf60 nmethod 5320 0x00000027365f8d90 code [0x00000027365f8f00, 0x00000027365f9120]
Event: 32279.079 Thread 0x00000027417faf60 5321       4       java.lang.StringLatin1::compareTo (14 bytes)
Event: 32279.084 Thread 0x00000027417faf60 nmethod 5321 0x0000002736539d90 code [0x0000002736539f00, 0x000000273653a0a0]

GC Heap History (20 events):
Event: 32283.329 GC heap after
{Heap after GC invocations=4011 (full 3998):
 garbage-first heap   total 58368K, used 17923K [0x00000000c0000000, 0x0000000100000000)
  region size 1024K, 0 young (0K), 0 survivors (0K)
 Metaspace       used 19576K, committed 20032K, reserved 1114112K
  class space    used 1766K, committed 1984K, reserved 1048576K
}
Event: 32291.532 GC heap before
{Heap before GC invocations=4011 (full 3998):
 garbage-first heap   total 58368K, used 24067K [0x00000000c0000000, 0x0000000100000000)
  region size 1024K, 7 young (7168K), 0 survivors (0K)
 Metaspace       used 19576K, committed 20032K, reserved 1114112K
  class space    used 1766K, committed 1984K, reserved 1048576K
}
Event: 32291.587 GC heap after
{Heap after GC invocations=4012 (full 3999):
 garbage-first heap   total 58368K, used 17923K [0x00000000c0000000, 0x0000000100000000)
  region size 1024K, 0 young (0K), 0 survivors (0K)
 Metaspace       used 19576K, committed 20032K, reserved 1114112K
  class space    used 1766K, committed 1984K, reserved 1048576K
}
Event: 32300.228 GC heap before
{Heap before GC invocations=4012 (full 3999):
 garbage-first heap   total 58368K, used 24067K [0x00000000c0000000, 0x0000000100000000)
  region size 1024K, 7 young (7168K), 0 survivors (0K)
 Metaspace       used 19576K, committed 20032K, reserved 1114112K
  class space    used 1766K, committed 1984K, reserved 1048576K
}
Event: 32300.302 GC heap after
{Heap after GC invocations=4013 (full 4000):
 garbage-first heap   total 58368K, used 17923K [0x00000000c0000000, 0x0000000100000000)
  region size 1024K, 0 young (0K), 0 survivors (0K)
 Metaspace       used 19576K, committed 20032K, reserved 1114112K
  class space    used 1766K, committed 1984K, reserved 1048576K
}
Event: 32309.233 GC heap before
{Heap before GC invocations=4013 (full 4000):
 garbage-first heap   total 58368K, used 24067K [0x00000000c0000000, 0x0000000100000000)
  region size 1024K, 8 young (8192K), 0 survivors (0K)
 Metaspace       used 19576K, committed 20032K, reserved 1114112K
  class space    used 1766K, committed 1984K, reserved 1048576K
}
Event: 32309.298 GC heap after
{Heap after GC invocations=4014 (full 4001):
 garbage-first heap   total 58368K, used 17923K [0x00000000c0000000, 0x0000000100000000)
  region size 1024K, 0 young (0K), 0 survivors (0K)
 Metaspace       used 19576K, committed 20032K, reserved 1114112K
  class space    used 1766K, committed 1984K, reserved 1048576K
}
Event: 32317.318 GC heap before
{Heap before GC invocations=4014 (full 4001):
 garbage-first heap   total 58368K, used 24067K [0x00000000c0000000, 0x0000000100000000)
  region size 1024K, 7 young (7168K), 0 survivors (0K)
 Metaspace       used 19576K, committed 20032K, reserved 1114112K
  class space    used 1766K, committed 1984K, reserved 1048576K
}
Event: 32317.390 GC heap after
{Heap after GC invocations=4015 (full 4002):
 garbage-first heap   total 58368K, used 17923K [0x00000000c0000000, 0x0000000100000000)
  region size 1024K, 0 young (0K), 0 survivors (0K)
 Metaspace       used 19576K, committed 20032K, reserved 1114112K
  class space    used 1766K, committed 1984K, reserved 1048576K
}
Event: 32325.979 GC heap before
{Heap before GC invocations=4015 (full 4002):
 garbage-first heap   total 58368K, used 24067K [0x00000000c0000000, 0x0000000100000000)
  region size 1024K, 7 young (7168K), 0 survivors (0K)
 Metaspace       used 19576K, committed 20032K, reserved 1114112K
  class space    used 1766K, committed 1984K, reserved 1048576K
}
Event: 32326.053 GC heap after
{Heap after GC invocations=4016 (full 4003):
 garbage-first heap   total 58368K, used 17923K [0x00000000c0000000, 0x0000000100000000)
  region size 1024K, 0 young (0K), 0 survivors (0K)
 Metaspace       used 19576K, committed 20032K, reserved 1114112K
  class space    used 1766K, committed 1984K, reserved 1048576K
}
Event: 32334.586 GC heap before
{Heap before GC invocations=4016 (full 4003):
 garbage-first heap   total 58368K, used 24067K [0x00000000c0000000, 0x0000000100000000)
  region size 1024K, 8 young (8192K), 0 survivors (0K)
 Metaspace       used 19576K, committed 20032K, reserved 1114112K
  class space    used 1766K, committed 1984K, reserved 1048576K
}
Event: 32334.632 GC heap after
{Heap after GC invocations=4017 (full 4004):
 garbage-first heap   total 58368K, used 17923K [0x00000000c0000000, 0x0000000100000000)
  region size 1024K, 0 young (0K), 0 survivors (0K)
 Metaspace       used 19576K, committed 20032K, reserved 1114112K
  class space    used 1766K, committed 1984K, reserved 1048576K
}
Event: 32342.649 GC heap before
{Heap before GC invocations=4017 (full 4004):
 garbage-first heap   total 58368K, used 23043K [0x00000000c0000000, 0x0000000100000000)
  region size 1024K, 6 young (6144K), 0 survivors (0K)
 Metaspace       used 19576K, committed 20032K, reserved 1114112K
  class space    used 1766K, committed 1984K, reserved 1048576K
}
Event: 32342.705 GC heap after
{Heap after GC invocations=4018 (full 4005):
 garbage-first heap   total 58368K, used 17923K [0x00000000c0000000, 0x0000000100000000)
  region size 1024K, 0 young (0K), 0 survivors (0K)
 Metaspace       used 19576K, committed 20032K, reserved 1114112K
  class space    used 1766K, committed 1984K, reserved 1048576K
}
Event: 32351.072 GC heap before
{Heap before GC invocations=4018 (full 4005):
 garbage-first heap   total 58368K, used 24067K [0x00000000c0000000, 0x0000000100000000)
  region size 1024K, 7 young (7168K), 0 survivors (0K)
 Metaspace       used 19576K, committed 20032K, reserved 1114112K
  class space    used 1766K, committed 1984K, reserved 1048576K
}
Event: 32351.135 GC heap after
{Heap after GC invocations=4019 (full 4006):
 garbage-first heap   total 58368K, used 17923K [0x00000000c0000000, 0x0000000100000000)
  region size 1024K, 0 young (0K), 0 survivors (0K)
 Metaspace       used 19576K, committed 20032K, reserved 1114112K
  class space    used 1766K, committed 1984K, reserved 1048576K
}
Event: 32360.066 GC heap before
{Heap before GC invocations=4019 (full 4006):
 garbage-first heap   total 58368K, used 24067K [0x00000000c0000000, 0x0000000100000000)
  region size 1024K, 8 young (8192K), 0 survivors (0K)
 Metaspace       used 19576K, committed 20032K, reserved 1114112K
  class space    used 1766K, committed 1984K, reserved 1048576K
}
Event: 32360.182 GC heap after
{Heap after GC invocations=4020 (full 4007):
 garbage-first heap   total 58368K, used 17940K [0x00000000c0000000, 0x0000000100000000)
  region size 1024K, 0 young (0K), 0 survivors (0K)
 Metaspace       used 19576K, committed 20032K, reserved 1114112K
  class space    used 1766K, committed 1984K, reserved 1048576K
}
Event: 32368.221 GC heap before
{Heap before GC invocations=4020 (full 4007):
 garbage-first heap   total 58368K, used 24084K [0x00000000c0000000, 0x0000000100000000)
  region size 1024K, 7 young (7168K), 0 survivors (0K)
 Metaspace       used 19576K, committed 20032K, reserved 1114112K
  class space    used 1766K, committed 1984K, reserved 1048576K
}

Dll operation events (11 events):
Event: 0.011 Loaded shared library C:\Program Files\Java\jdk-20\bin\java.dll
Event: 0.114 Loaded shared library C:\Program Files\Java\jdk-20\bin\jsvml.dll
Event: 0.213 Loaded shared library C:\Program Files\Java\jdk-20\bin\net.dll
Event: 0.216 Loaded shared library C:\Program Files\Java\jdk-20\bin\nio.dll
Event: 0.229 Loaded shared library C:\Program Files\Java\jdk-20\bin\zip.dll
Event: 0.309 Loaded shared library C:\Program Files\Java\jdk-20\bin\jimage.dll
Event: 0.420 Loaded shared library C:\Program Files\Java\jdk-20\bin\verify.dll
Event: 0.940 Loaded shared library C:\Program Files\Java\jdk-20\bin\extnet.dll
Event: 4.941 Loaded shared library C:\Program Files\Java\jdk-20\bin\awt.dll
Event: 5.236 Loaded shared library C:\Program Files\Java\jdk-20\bin\freetype.dll
Event: 5.237 Loaded shared library C:\Program Files\Java\jdk-20\bin\fontmanager.dll

Deoptimization events (20 events):
Event: 31135.645 Thread 0x0000002788142410 Uncommon trap: trap_request=0xffffff45 fr.pc=0x0000002736648d04 relative=0x0000000000000104
Event: 31135.646 Thread 0x0000002788142410 Uncommon trap: reason=unstable_if action=reinterpret pc=0x0000002736648d04 method=ServerData.Models.Player.PlayerSkill.SkillService.canUseSkillWithMana(LServerData/Models/Player/Player;)Z @ 115 c2
Event: 31135.646 Thread 0x0000002788142410 DEOPT PACKING pc=0x0000002736648d04 sp=0x000000278ad5eed0
Event: 31135.646 Thread 0x0000002788142410 DEOPT UNPACKING pc=0x0000002735fd9d22 sp=0x000000278ad5ee50 mode 2
Event: 31255.303 Thread 0x0000002788142410 Uncommon trap: trap_request=0xffffff45 fr.pc=0x0000002736781300 relative=0x0000000000000100
Event: 31255.303 Thread 0x0000002788142410 Uncommon trap: reason=unstable_if action=reinterpret pc=0x0000002736781300 method=ServerData.Models.Player.PlayerSkill.SkillService.canAttackPlayer(LServerData/Models/Player/Player;LServerData/Models/Player/Player;)Z @ 11 c2
Event: 31255.303 Thread 0x0000002788142410 DEOPT PACKING pc=0x0000002736781300 sp=0x000000278ad5eed0
Event: 31255.303 Thread 0x0000002788142410 DEOPT UNPACKING pc=0x0000002735fd9d22 sp=0x000000278ad5ee58 mode 2
Event: 31258.620 Thread 0x0000002787fbfe20 Uncommon trap: trap_request=0xffffff66 fr.pc=0x00000027366da5e4 relative=0x0000000000000b64
Event: 31258.621 Thread 0x0000002787fbfe20 Uncommon trap: reason=speculate_class_check action=maybe_recompile pc=0x00000027366da5e4 method=ServerData.Boss.Boss.update()V @ 217 c2
Event: 31258.621 Thread 0x0000002787fbfe20 DEOPT PACKING pc=0x00000027366da5e4 sp=0x000000278a37f010
Event: 31258.621 Thread 0x0000002787fbfe20 DEOPT UNPACKING pc=0x0000002735fd9d22 sp=0x000000278a37ef70 mode 2
Event: 31258.774 Thread 0x0000002787fbfe20 Uncommon trap: trap_request=0xffffffde fr.pc=0x000000273664f510 relative=0x00000000000006f0
Event: 31258.774 Thread 0x0000002787fbfe20 Uncommon trap: reason=class_check action=maybe_recompile pc=0x000000273664f510 method=ServerData.Boss.Boss.update()V @ 231 c2
Event: 31258.774 Thread 0x0000002787fbfe20 DEOPT PACKING pc=0x000000273664f510 sp=0x000000278a37efb0
Event: 31258.774 Thread 0x0000002787fbfe20 DEOPT UNPACKING pc=0x0000002735fd9d22 sp=0x000000278a37ef70 mode 2
Event: 31292.055 Thread 0x0000002788142410 Uncommon trap: trap_request=0xffffff45 fr.pc=0x0000002736516868 relative=0x0000000000000068
Event: 31292.055 Thread 0x0000002788142410 Uncommon trap: reason=unstable_if action=reinterpret pc=0x0000002736516868 method=ServerData.Services.MapService.isMapMaBu(I)Z @ 9 c2
Event: 31292.055 Thread 0x0000002788142410 DEOPT PACKING pc=0x0000002736516868 sp=0x000000278ad5e990
Event: 31292.056 Thread 0x0000002788142410 DEOPT UNPACKING pc=0x0000002735fd9d22 sp=0x000000278ad5e918 mode 2

Classes loaded (20 events):
Event: 3292.805 Loading class java/lang/invoke/WrongMethodTypeException
Event: 3292.805 Loading class java/lang/invoke/WrongMethodTypeException done
Event: 3292.813 Loading class java/lang/StringIndexOutOfBoundsException
Event: 3292.813 Loading class java/lang/StringIndexOutOfBoundsException done
Event: 3292.821 Loading class java/lang/Throwable$WrappedPrintStream
Event: 3292.821 Loading class java/lang/Throwable$WrappedPrintStream done
Event: 3292.822 Loading class java/lang/StackTraceElement$HashedModules
Event: 3292.822 Loading class java/lang/StackTraceElement$HashedModules done
Event: 3348.842 Loading class java/util/stream/ReduceOps$5
Event: 3348.843 Loading class java/util/stream/ReduceOps$5 done
Event: 3348.843 Loading class java/util/stream/ReduceOps$CountingSink$OfRef
Event: 3348.844 Loading class java/util/stream/ReduceOps$CountingSink
Event: 3348.844 Loading class java/util/stream/ReduceOps$CountingSink done
Event: 3348.844 Loading class java/util/stream/ReduceOps$CountingSink$OfRef done
Event: 22382.204 Loading class java/util/WeakHashMap$KeyIterator
Event: 22382.204 Loading class java/util/WeakHashMap$HashIterator
Event: 22382.205 Loading class java/util/WeakHashMap$HashIterator done
Event: 22382.205 Loading class java/util/WeakHashMap$KeyIterator done
Event: 22382.206 Loading class javax/swing/RepaintManager$DisplayChangedRunnable
Event: 22382.210 Loading class javax/swing/RepaintManager$DisplayChangedRunnable done

Classes unloaded (20 events):
Event: 1020.827 Thread 0x00000027417d8c60 Unloading class 0x0000002742c19c00 'java/lang/invoke/LambdaForm$MH+0x0000002742c19c00'
Event: 1020.827 Thread 0x00000027417d8c60 Unloading class 0x0000002742c19800 'java/lang/invoke/LambdaForm$BMH+0x0000002742c19800'
Event: 1020.827 Thread 0x00000027417d8c60 Unloading class 0x0000002742c15000 'java/lang/invoke/LambdaForm$MH+0x0000002742c15000'
Event: 1020.827 Thread 0x00000027417d8c60 Unloading class 0x0000002742c13c00 'java/lang/invoke/LambdaForm$MH+0x0000002742c13c00'
Event: 1020.827 Thread 0x00000027417d8c60 Unloading class 0x0000002742c13800 'java/lang/invoke/LambdaForm$BMH+0x0000002742c13800'
Event: 1020.827 Thread 0x00000027417d8c60 Unloading class 0x0000002742c13000 'java/lang/invoke/LambdaForm$MH+0x0000002742c13000'
Event: 1020.827 Thread 0x00000027417d8c60 Unloading class 0x0000002742c11800 'java/lang/invoke/LambdaForm$MH+0x0000002742c11800'
Event: 1020.827 Thread 0x00000027417d8c60 Unloading class 0x0000002742c11400 'java/lang/invoke/LambdaForm$BMH+0x0000002742c11400'
Event: 1020.827 Thread 0x00000027417d8c60 Unloading class 0x0000002742c10c00 'java/lang/invoke/LambdaForm$MH+0x0000002742c10c00'
Event: 1020.827 Thread 0x00000027417d8c60 Unloading class 0x0000002742c10800 'java/lang/invoke/LambdaForm$BMH+0x0000002742c10800'
Event: 1020.827 Thread 0x00000027417d8c60 Unloading class 0x0000002742c0b800 'java/lang/invoke/LambdaForm$MH+0x0000002742c0b800'
Event: 1020.827 Thread 0x00000027417d8c60 Unloading class 0x0000002742c0b400 'java/lang/invoke/LambdaForm$MH+0x0000002742c0b400'
Event: 1020.827 Thread 0x00000027417d8c60 Unloading class 0x0000002742c02400 'java/lang/invoke/LambdaForm$MH+0x0000002742c02400'
Event: 4239.632 Thread 0x00000027417d8c60 Unloading class 0x0000002742dc1400 'java/lang/invoke/LambdaForm$MH+0x0000002742dc1400'
Event: 4304.186 Thread 0x00000027417d8c60 Unloading class 0x0000002742dc0c00 'java/lang/invoke/LambdaForm$MH+0x0000002742dc0c00'
Event: 7685.513 Thread 0x00000027417d8c60 Unloading class 0x0000002742dc0c00 'java/lang/invoke/LambdaForm$MH+0x0000002742dc0c00'
Event: 17132.730 Thread 0x00000027417d8c60 Unloading class 0x0000002742decc00 'java/lang/invoke/LambdaForm$MH+0x0000002742decc00'
Event: 20032.170 Thread 0x00000027417d8c60 Unloading class 0x0000002742decc00 'java/lang/invoke/LambdaForm$MH+0x0000002742decc00'
Event: 24376.715 Thread 0x00000027417d8c60 Unloading class 0x0000002742decc00 'java/lang/invoke/LambdaForm$MH+0x0000002742decc00'
Event: 27661.146 Thread 0x00000027417d8c60 Unloading class 0x0000002742decc00 'java/lang/invoke/LambdaForm$MH+0x0000002742decc00'

Classes redefined (0 events):
No events

Internal exceptions (20 events):
Event: 31422.787 Thread 0x0000002788141970 Exception <a 'java/io/FileNotFoundException'{0x00000000c32e5650}> (0x00000000c32e5650) 
thrown [s\open\src\hotspot\share\prims\jni.cpp, line 519]
Event: 31428.009 Thread 0x0000002788141420 Exception <a 'java/lang/ClassCastException'{0x00000000c33046b0}: class java.lang.Boolean cannot be cast to class java.lang.Integer (java.lang.Boolean and java.lang.Integer are in module java.base of loader 'bootstrap')> (0x00000000c33046b0) 
thrown [s\open\src\hotspot\share\interpreter\interpreterRuntime.cpp, line 455]
Event: 31428.009 Thread 0x0000002788141420 Exception <a 'java/lang/ClassCastException'{0x00000000c3304a50}: class java.lang.Boolean cannot be cast to class java.lang.Integer (java.lang.Boolean and java.lang.Integer are in module java.base of loader 'bootstrap')> (0x00000000c3304a50) 
thrown [s\open\src\hotspot\share\interpreter\interpreterRuntime.cpp, line 455]
Event: 31428.011 Thread 0x0000002788141420 Exception <a 'java/lang/ClassCastException'{0x00000000c3312d58}: class java.lang.Boolean cannot be cast to class java.lang.Integer (java.lang.Boolean and java.lang.Integer are in module java.base of loader 'bootstrap')> (0x00000000c3312d58) 
thrown [s\open\src\hotspot\share\interpreter\interpreterRuntime.cpp, line 455]
Event: 31428.014 Thread 0x0000002788141420 Implicit null exception at 0x000000272eb2093c to 0x000000272eb20fad
Event: 31428.014 Thread 0x0000002788141420 Exception <a 'java/lang/NullPointerException'{0x00000000c320b468}> (0x00000000c320b468) 
thrown [s\open\src\hotspot\share\runtime\sharedRuntime.cpp, line 621]
Event: 31428.014 Thread 0x0000002788141420 Implicit null exception at 0x000000272eb20b2c to 0x000000272eb20fc0
Event: 31428.014 Thread 0x0000002788141420 Exception <a 'java/lang/NullPointerException'{0x00000000c320b768}> (0x00000000c320b768) 
thrown [s\open\src\hotspot\share\runtime\sharedRuntime.cpp, line 621]
Event: 31428.020 Thread 0x0000002788141420 Exception <a 'java/io/FileNotFoundException'{0x00000000c3216270}> (0x00000000c3216270) 
thrown [s\open\src\hotspot\share\prims\jni.cpp, line 519]
Event: 31428.022 Thread 0x0000002788141420 Exception <a 'java/io/FileNotFoundException'{0x00000000c3227968}> (0x00000000c3227968) 
thrown [s\open\src\hotspot\share\prims\jni.cpp, line 519]
Event: 31444.875 Thread 0x0000002788141970 Exception <a 'java/lang/ClassCastException'{0x00000000c349c400}: class java.lang.Boolean cannot be cast to class java.lang.Integer (java.lang.Boolean and java.lang.Integer are in module java.base of loader 'bootstrap')> (0x00000000c349c400) 
thrown [s\open\src\hotspot\share\interpreter\interpreterRuntime.cpp, line 455]
Event: 31444.875 Thread 0x0000002788141970 Exception <a 'java/lang/ClassCastException'{0x00000000c349c7a0}: class java.lang.Boolean cannot be cast to class java.lang.Integer (java.lang.Boolean and java.lang.Integer are in module java.base of loader 'bootstrap')> (0x00000000c349c7a0) 
thrown [s\open\src\hotspot\share\interpreter\interpreterRuntime.cpp, line 455]
Event: 31444.876 Thread 0x0000002788141970 Exception <a 'java/lang/ClassCastException'{0x00000000c34aaa60}: class java.lang.Boolean cannot be cast to class java.lang.Integer (java.lang.Boolean and java.lang.Integer are in module java.base of loader 'bootstrap')> (0x00000000c34aaa60) 
thrown [s\open\src\hotspot\share\interpreter\interpreterRuntime.cpp, line 455]
Event: 31444.882 Thread 0x0000002788141970 Implicit null exception at 0x000000272eb2093c to 0x000000272eb20fad
Event: 31444.882 Thread 0x0000002788141970 Exception <a 'java/lang/NullPointerException'{0x00000000c339c838}> (0x00000000c339c838) 
thrown [s\open\src\hotspot\share\runtime\sharedRuntime.cpp, line 621]
Event: 31444.882 Thread 0x0000002788141970 Implicit null exception at 0x000000272eb20b2c to 0x000000272eb20fc0
Event: 31444.882 Thread 0x0000002788141970 Exception <a 'java/lang/NullPointerException'{0x00000000c339cb38}> (0x00000000c339cb38) 
thrown [s\open\src\hotspot\share\runtime\sharedRuntime.cpp, line 621]
Event: 31444.889 Thread 0x0000002788141970 Exception <a 'java/io/FileNotFoundException'{0x00000000c33a7640}> (0x00000000c33a7640) 
thrown [s\open\src\hotspot\share\prims\jni.cpp, line 519]
Event: 31444.891 Thread 0x0000002788141970 Exception <a 'java/io/FileNotFoundException'{0x00000000c33bf250}> (0x00000000c33bf250) 
thrown [s\open\src\hotspot\share\prims\jni.cpp, line 519]
Event: 32367.638 Thread 0x0000002788143950 Exception <a 'java/io/IOException'{0x00000000c3624208}> (0x00000000c3624208) 
thrown [s\open\src\hotspot\share\prims\jni.cpp, line 519]

VM Operations (20 events):
Event: 32291.588 Executing VM operation: G1CollectFull done
Event: 32300.228 Executing VM operation: G1CollectFull
Event: 32300.303 Executing VM operation: G1CollectFull done
Event: 32309.232 Executing VM operation: G1CollectFull
Event: 32309.302 Executing VM operation: G1CollectFull done
Event: 32317.316 Executing VM operation: G1CollectFull
Event: 32317.390 Executing VM operation: G1CollectFull done
Event: 32325.978 Executing VM operation: G1CollectFull
Event: 32326.053 Executing VM operation: G1CollectFull done
Event: 32334.584 Executing VM operation: G1CollectFull
Event: 32334.633 Executing VM operation: G1CollectFull done
Event: 32342.647 Executing VM operation: G1CollectFull
Event: 32342.705 Executing VM operation: G1CollectFull done
Event: 32345.146 Executing VM operation: HandshakeAllThreads
Event: 32345.147 Executing VM operation: HandshakeAllThreads done
Event: 32351.070 Executing VM operation: G1CollectFull
Event: 32351.136 Executing VM operation: G1CollectFull done
Event: 32360.064 Executing VM operation: G1CollectFull
Event: 32360.184 Executing VM operation: G1CollectFull done
Event: 32368.218 Executing VM operation: G1CollectFull

Events (20 events):
Event: 32127.692 Thread 0x00000027882e45e0 Thread exited: 0x00000027882e45e0
Event: 32127.703 Thread 0x00000027882e45e0 Thread added: 0x00000027882e45e0
Event: 32129.165 Thread 0x00000027882e45e0 Thread exited: 0x00000027882e45e0
Event: 32135.762 Thread 0x00000027417d8c60 flushing nmethod 0x000000272ee1ef90
Event: 32143.835 Thread 0x00000027417d8c60 flushing nmethod 0x000000272ec95490
Event: 32233.785 Thread 0x0000002788143400 Thread added: 0x0000002788143400
Event: 32233.785 Thread 0x0000002788141420 Thread added: 0x0000002788141420
Event: 32238.790 Thread 0x0000002788143400 Thread exited: 0x0000002788143400
Event: 32238.798 Thread 0x0000002788141420 Thread exited: 0x0000002788141420
Event: 32249.349 Thread 0x00000027417d8c60 flushing nmethod 0x000000272ec9d690
Event: 32275.163 Thread 0x00000027417d8c60 flushing nmethod 0x000000272ed2df10
Event: 32291.570 Thread 0x00000027417d8c60 flushing nmethod 0x000000272edf8b10
Event: 32291.570 Thread 0x00000027417d8c60 flushing nmethod 0x000000272ecaf710
Event: 32291.570 Thread 0x00000027417d8c60 flushing nmethod 0x000000272ebbdc90
Event: 32291.570 Thread 0x00000027417d8c60 flushing nmethod 0x000000272eb9c490
Event: 32291.570 Thread 0x00000027417d8c60 flushing nmethod 0x000000272ea42b10
Event: 32351.819 Thread 0x0000002788141420 Thread added: 0x0000002788141420
Event: 32351.825 Thread 0x0000002788141ec0 Thread added: 0x0000002788141ec0
Event: 32356.887 Thread 0x0000002788141420 Thread exited: 0x0000002788141420
Event: 32356.949 Thread 0x0000002788141ec0 Thread exited: 0x0000002788141ec0


Dynamic libraries:
0x00007ff610a00000 - 0x00007ff610a10000 	C:\Program Files\Java\jdk-20\bin\java.exe
0x00007ffebd2d0000 - 0x00007ffebd47d000 	C:\Windows\SYSTEM32\ntdll.dll
0x00007ffebc630000 - 0x00007ffebc76f000 	C:\Windows\system32\KERNEL32.DLL
0x00007ffeba830000 - 0x00007ffeba945000 	C:\Windows\system32\KERNELBASE.dll
0x00007ffeb1990000 - 0x00007ffeb19a9000 	C:\Program Files\Java\jdk-20\bin\jli.dll
0x00007ffeb4d10000 - 0x00007ffeb4d2b000 	C:\Program Files\Java\jdk-20\bin\VCRUNTIME140.dll
0x00007ffeb2f00000 - 0x00007ffeb2f04000 	C:\Program Files\Java\jdk-20\bin\api-ms-win-crt-stdio-l1-1-0.dll
0x00007ffeb2ea0000 - 0x00007ffeb2ea4000 	C:\Program Files\Java\jdk-20\bin\api-ms-win-crt-runtime-l1-1-0.dll
0x00007ffeb2e80000 - 0x00007ffeb2e83000 	C:\Program Files\Java\jdk-20\bin\api-ms-win-crt-environment-l1-1-0.dll
0x00007ffeb2ec0000 - 0x00007ffeb2ec5000 	C:\Program Files\Java\jdk-20\bin\api-ms-win-crt-math-l1-1-0.dll
0x00007ffeb2b60000 - 0x00007ffeb2b63000 	C:\Program Files\Java\jdk-20\bin\api-ms-win-crt-locale-l1-1-0.dll
0x00007ffeb2e50000 - 0x00007ffeb2e53000 	C:\Program Files\Java\jdk-20\bin\api-ms-win-crt-heap-l1-1-0.dll
0x00007ffebbed0000 - 0x00007ffebbf7a000 	C:\Windows\system32\ADVAPI32.dll
0x00007ffeb7b60000 - 0x00007ffeb7ddb000 	C:\Windows\WinSxS\amd64_microsoft.windows.common-controls_6595b64144ccf1df_6.0.9600.19394_none_62486577ecb635cf\COMCTL32.dll
0x00007ffebc4b0000 - 0x00007ffebc627000 	C:\Windows\system32\USER32.dll
0x00007ffeb2920000 - 0x00007ffeb292a000 	C:\Windows\SYSTEM32\VERSION.dll
0x00007ffeb2e70000 - 0x00007ffeb2e73000 	C:\Program Files\Java\jdk-20\bin\api-ms-win-crt-filesystem-l1-1-0.dll
0x00007ffeb2ed0000 - 0x00007ffeb2ed4000 	C:\Program Files\Java\jdk-20\bin\api-ms-win-crt-string-l1-1-0.dll
0x00007ffeb2e90000 - 0x00007ffeb2e94000 	C:\Program Files\Java\jdk-20\bin\api-ms-win-crt-convert-l1-1-0.dll
0x00007ffebc300000 - 0x00007ffebc3aa000 	C:\Windows\system32\msvcrt.dll
0x00007ffebc3b0000 - 0x00007ffebc408000 	C:\Windows\SYSTEM32\sechost.dll
0x00007ffebc770000 - 0x00007ffebc8aa000 	C:\Windows\system32\RPCRT4.dll
0x00007ffebc1b0000 - 0x00007ffebc2fe000 	C:\Windows\system32\GDI32.dll
0x00007ffeb2d50000 - 0x00007ffeb2e50000 	C:\Program Files\Java\jdk-20\bin\ucrtbase.DLL
0x00007ffeba4c0000 - 0x00007ffeba4ee000 	C:\Windows\system32\SspiCli.dll
0x00007ffeba950000 - 0x00007ffeba986000 	C:\Windows\system32\IMM32.DLL
0x00007ffebcde0000 - 0x00007ffebcf31000 	C:\Windows\system32\MSCTF.dll
0x00007ffeb3020000 - 0x00007ffeb302c000 	C:\Program Files\Java\jdk-20\bin\vcruntime140_1.dll
0x00007ffea9540000 - 0x00007ffea95ce000 	C:\Program Files\Java\jdk-20\bin\msvcp140.dll
0x00007ffeb2e60000 - 0x00007ffeb2e63000 	C:\Program Files\Java\jdk-20\bin\api-ms-win-crt-time-l1-1-0.dll
0x00007ffeb2eb0000 - 0x00007ffeb2eb3000 	C:\Program Files\Java\jdk-20\bin\api-ms-win-crt-utility-l1-1-0.dll
0x00007ffe9a260000 - 0x00007ffe9aef8000 	C:\Program Files\Java\jdk-20\bin\server\jvm.dll
0x00007ffeb4e50000 - 0x00007ffeb4e59000 	C:\Windows\SYSTEM32\WSOCK32.dll
0x00007ffeb4230000 - 0x00007ffeb4252000 	C:\Windows\SYSTEM32\WINMM.dll
0x00007ffebc410000 - 0x00007ffebc46a000 	C:\Windows\system32\WS2_32.dll
0x00007ffeb4180000 - 0x00007ffeb41aa000 	C:\Windows\SYSTEM32\WINMMBASE.dll
0x00007ffebc1a0000 - 0x00007ffebc1a9000 	C:\Windows\system32\NSI.dll
0x00007ffeba4f0000 - 0x00007ffeba53f000 	C:\Windows\SYSTEM32\cfgmgr32.dll
0x00007ffeb92a0000 - 0x00007ffeb92c8000 	C:\Windows\SYSTEM32\DEVOBJ.dll
0x00007ffeb2cd0000 - 0x00007ffeb2cda000 	C:\Program Files\Java\jdk-20\bin\jimage.dll
0x00007ffeaf9e0000 - 0x00007ffeafb69000 	C:\Windows\SYSTEM32\DBGHELP.DLL
0x00007ffeb2ce0000 - 0x00007ffeb2d06000 	C:\Program Files\Java\jdk-20\bin\java.dll
0x00007ffeb2bf0000 - 0x00007ffeb2cc7000 	C:\Program Files\Java\jdk-20\bin\jsvml.dll
0x00007ffeba9a0000 - 0x00007ffebbece000 	C:\Windows\system32\SHELL32.dll
0x00007ffebbf80000 - 0x00007ffebc191000 	C:\Windows\SYSTEM32\combase.dll
0x00007ffebd270000 - 0x00007ffebd2c4000 	C:\Windows\system32\SHLWAPI.dll
0x00007ffeb87c0000 - 0x00007ffeb8872000 	C:\Windows\SYSTEM32\SHCORE.dll
0x00007ffeba3f0000 - 0x00007ffeba405000 	C:\Windows\SYSTEM32\profapi.dll
0x00007ffeb2bd0000 - 0x00007ffeb2be3000 	C:\Program Files\Java\jdk-20\bin\net.dll
0x00007ffeb4050000 - 0x00007ffeb4119000 	C:\Windows\SYSTEM32\WINHTTP.dll
0x00007ffeb9c30000 - 0x00007ffeb9c89000 	C:\Windows\system32\mswsock.dll
0x00007ffeb2bb0000 - 0x00007ffeb2bc6000 	C:\Program Files\Java\jdk-20\bin\nio.dll
0x00007ffeb2b90000 - 0x00007ffeb2ba8000 	C:\Program Files\Java\jdk-20\bin\zip.dll
0x00007ffeb2b80000 - 0x00007ffeb2b90000 	C:\Program Files\Java\jdk-20\bin\verify.dll
0x00007ffeb99c0000 - 0x00007ffeb9a64000 	C:\Windows\SYSTEM32\DNSAPI.dll
0x00007ffeb44a0000 - 0x00007ffeb44aa000 	C:\Windows\System32\rasadhlp.dll
0x00007ffeb6650000 - 0x00007ffeb66bb000 	C:\Windows\System32\fwpuclnt.dll
0x00007ffeb2b70000 - 0x00007ffeb2b77000 	C:\Program Files\Java\jdk-20\bin\extnet.dll
0x00007ffeabee0000 - 0x00007ffeac071000 	C:\Program Files\Java\jdk-20\bin\awt.dll
0x00007ffebcf40000 - 0x00007ffebd006000 	C:\Windows\system32\OLEAUT32.dll
0x00007ffeb9020000 - 0x00007ffeb90ae000 	C:\Windows\system32\apphelp.dll
0x00007ffeb9100000 - 0x00007ffeb9229000 	C:\Windows\system32\uxtheme.dll
0x00007ffeb85c0000 - 0x00007ffeb85e1000 	C:\Windows\system32\dwmapi.dll
0x00007ffebd010000 - 0x00007ffebd1a5000 	C:\Windows\system32\ole32.dll
0x00007ffeb90c0000 - 0x00007ffeb90cb000 	C:\Windows\SYSTEM32\kernel.appcore.dll
0x00007ffeba360000 - 0x00007ffeba36b000 	C:\Windows\SYSTEM32\CRYPTBASE.dll
0x00007ffeba1f0000 - 0x00007ffeba253000 	C:\Windows\SYSTEM32\bcryptPrimitives.dll
0x00007ffea8d90000 - 0x00007ffea8e16000 	C:\Program Files\Java\jdk-20\bin\freetype.dll
0x00007ffe9b730000 - 0x00007ffe9b803000 	C:\Program Files\Java\jdk-20\bin\fontmanager.dll
0x00007ffea9370000 - 0x00007ffea949b000 	C:\Windows\system32\opengl32.dll
0x00007ffeb10d0000 - 0x00007ffeb10fe000 	C:\Windows\SYSTEM32\GLU32.dll
0x00007ffea9270000 - 0x00007ffea9368000 	C:\Windows\SYSTEM32\DDRAW.dll
0x00007ffeb2b50000 - 0x00007ffeb2b59000 	C:\Windows\SYSTEM32\DCIMAN32.dll

dbghelp: loaded successfully - version: 4.0.5 - missing functions: none
symbol engine: initialized successfully - sym options: 0x614 - pdb path: .;C:\Program Files\Java\jdk-20\bin;C:\Windows\SYSTEM32;C:\Windows\WinSxS\amd64_microsoft.windows.common-controls_6595b64144ccf1df_6.0.9600.19394_none_62486577ecb635cf;C:\Program Files\Java\jdk-20\bin\server

VM Arguments:
jvm_args: -Dfile.encoding=UTF-8 
java_command: ServerData.Server.ServerManager
java_class_path (initial): C:\Users\Administrator\Documents\GachaGame\lib\GirlkunNetwork.jar;C:\Users\Administrator\Documents\GachaGame\lib\apache-commons-lang.jar;C:\Users\Administrator\Documents\GachaGame\lib\girlkundb-1.0.0.jar;C:\Users\Administrator\Documents\GachaGame\lib\json_simple-1.1.jar;C:\Users\Administrator\Documents\GachaGame\lib\lombok.jar;C:\Users\Administrator\Documents\GachaGame\lib\okhttp-3.0.0.jar;C:\Users\Administrator\Documents\GachaGame\lib\okio-1.6.0.jar;C:\Users\Administrator\Documents\GachaGame\lib\rxjava-3.1.6.jar;C:\Users\Administrator\Documents\GachaGame\build\classes
Launcher Type: SUN_STANDARD

[Global flags]
     intx CICompilerCount                          = 3                                         {product} {ergonomic}
     uint ConcGCThreads                            = 1                                         {product} {ergonomic}
     uint G1ConcRefinementThreads                  = 4                                         {product} {ergonomic}
   size_t G1HeapRegionSize                         = 1048576                                   {product} {ergonomic}
    uintx GCDrainStackTargetSize                   = 64                                        {product} {ergonomic}
   size_t InitialHeapSize                          = 67108864                                  {product} {ergonomic}
   size_t MarkStackSize                            = 4194304                                   {product} {ergonomic}
   size_t MaxHeapSize                              = 1073741824                                {product} {ergonomic}
   size_t MaxNewSize                               = 643825664                                 {product} {ergonomic}
   size_t MinHeapDeltaBytes                        = 1048576                                   {product} {ergonomic}
   size_t MinHeapSize                              = 8388608                                   {product} {ergonomic}
    uintx NonNMethodCodeHeapSize                   = 5832780                                {pd product} {ergonomic}
    uintx NonProfiledCodeHeapSize                  = 122912730                              {pd product} {ergonomic}
    uintx ProfiledCodeHeapSize                     = 122912730                              {pd product} {ergonomic}
    uintx ReservedCodeCacheSize                    = 251658240                              {pd product} {ergonomic}
     bool SegmentedCodeCache                       = true                                      {product} {ergonomic}
   size_t SoftMaxHeapSize                          = 1073741824                             {manageable} {ergonomic}
     bool UseCompressedClassPointers               = true                           {product lp64_product} {ergonomic}
     bool UseCompressedOops                        = true                           {product lp64_product} {ergonomic}
     bool UseG1GC                                  = true                                      {product} {ergonomic}
     bool UseLargePagesIndividualAllocation        = false                                  {pd product} {ergonomic}

Logging:
Log output configuration:
 #0: stdout all=warning uptime,level,tags foldmultilines=false
 #1: stderr all=off uptime,level,tags foldmultilines=false

Environment Variables:
PATH=C:\Program Files\Common Files\Oracle\Java\javapath;C:\Windows\system32;C:\Windows;C:\Windows\System32\Wbem;C:\Windows\System32\WindowsPowerShell\v1.0\;C:\Program Files\nodejs\;C:\Users\Administrator\Desktop\nroforum\cmd.exe
USERNAME=Administrator
OS=Windows_NT
PROCESSOR_IDENTIFIER=Intel64 Family 6 Model 79 Stepping 1, GenuineIntel
TMP=C:\Users\ADMINI~1\AppData\Local\Temp\2
TEMP=C:\Users\ADMINI~1\AppData\Local\Temp\2




---------------  S Y S T E M  ---------------

OS:
 Windows Server 2012 R2 , 64 bit Build 9600 (6.3.9600.19994)
OS uptime: 2 days 4:58 hours
KVM virtualization detected

CPU: total 4 (initial active 4) (4 cores per cpu, 1 threads per core) family 6 model 79 stepping 1 microcode 0xb000038, cx8, cmov, fxsr, mmx, 3dnowpref, sse, sse2, sse3, ssse3, sse4.1, sse4.2, popcnt, lzcnt, tsc, avx, avx2, aes, erms, clmul, bmi1, bmi2, rtm, adx, fma, vzeroupper, clflush, hv, rdtscp, f16c

Memory: 4k page, system-wide physical 4095M (19M free)
TotalPageFile size 7167M (AvailPageFile size 2M)
current process WorkingSet (physical memory assigned to process): 94M, peak: 273M
current process commit charge ("private bytes"): 206M, peak: 306M

vm_info: Java HotSpot(TM) 64-Bit Server VM (20.0.2+9-78) for windows-amd64 JRE (20.0.2+9-78), built on 2023-06-14T10:08:48Z by "mach5one" with MS VC++ 17.1 (VS2022)

END.
